#
# There is insufficient memory for the Java Runtime Environment to continue.
# Native memory allocation (malloc) failed to allocate 1345136 bytes for Chunk::new
# Possible reasons:
#   The system is out of physical RAM or swap space
#   In 32 bit mode, the process size limit was hit
# Possible solutions:
#   Reduce memory load on the system
#   Increase physical memory or swap space
#   Check if swap backing store is full
#   Use 64 bit Java on a 64 bit OS
#   Decrease Java heap size (-Xmx/-Xms)
#   Decrease number of Java threads
#   Decrease Java thread stack sizes (-Xss)
#   Set larger code cache with -XX:ReservedCodeCacheSize=
# This output file may be truncated or incomplete.
#
#  Out of Memory Error (allocation.cpp:390), pid=10292, tid=0x0000000000006650
#
# JRE version: Java(TM) SE Runtime Environment (8.0_181-b13) (build 1.8.0_181-b13)
# Java VM: Java HotSpot(TM) 64-Bit Server VM (25.181-b13 mixed mode windows-amd64 compressed oops)
# Failed to write core dump. Minidumps are not enabled by default on client versions of Windows
#

---------------  T H R E A D  ---------------

Current thread (0x000000001940e000):  JavaThread "C2 CompilerThread1" daemon [_thread_in_native, id=26192, stack(0x0000000019b70000,0x0000000019c70000)]

Stack: [0x0000000019b70000,0x0000000019c70000]
[error occurred during error reporting (printing stack bounds), id 0xc0000005]

Native frames: (J=compiled Java code, j=interpreted, Vv=VM code, C=native code)


Current CompileTask:
C2:  12054 4904       4       lombok.javac.JavacAST::buildStatementOrExpression (103 bytes)


---------------  P R O C E S S  ---------------

Java Threads: ( => current thread )
  0x000000001941d800 JavaThread "Service Thread" daemon [_thread_blocked, id=27956, stack(0x0000000019d70000,0x0000000019e70000)]
  0x0000000019411000 JavaThread "C1 CompilerThread2" daemon [_thread_blocked, id=16256, stack(0x0000000019c70000,0x0000000019d70000)]
=>0x000000001940e000 JavaThread "C2 CompilerThread1" daemon [_thread_in_native, id=26192, stack(0x0000000019b70000,0x0000000019c70000)]
  0x00000000193aa000 JavaThread "C2 CompilerThread0" daemon [_thread_in_native, id=14160, stack(0x0000000019a70000,0x0000000019b70000)]
  0x0000000019392800 JavaThread "Monitor Ctrl-Break" daemon [_thread_in_native, id=448, stack(0x0000000019970000,0x0000000019a70000)]
  0x0000000017f9a800 JavaThread "Attach Listener" daemon [_thread_blocked, id=17552, stack(0x0000000019870000,0x0000000019970000)]
  0x0000000017ffe800 JavaThread "Signal Dispatcher" daemon [_thread_blocked, id=23872, stack(0x0000000019770000,0x0000000019870000)]
  0x000000000345e000 JavaThread "Finalizer" daemon [_thread_blocked, id=18976, stack(0x0000000019210000,0x0000000019310000)]
  0x0000000003453800 JavaThread "Reference Handler" daemon [_thread_blocked, id=11740, stack(0x0000000019110000,0x0000000019210000)]
  0x0000000003363000 JavaThread "main" [_thread_in_Java, id=6128, stack(0x0000000003160000,0x0000000003260000)]

Other Threads:
  0x0000000017f67800 VMThread [stack: 0x0000000019010000,0x0000000019110000] [id=10720]
  0x0000000019419000 WatcherThread [stack: 0x0000000019e70000,0x0000000019f70000] [id=20892]

VM state:not at safepoint (normal execution)

VM Mutex/Monitor currently owned by a thread: None

Heap:
 PSYoungGen      total 71680K, used 61709K [0x00000000d5e00000, 0x00000000da900000, 0x0000000100000000)
  eden space 66560K, 85% used [0x00000000d5e00000,0x00000000d9547358,0x00000000d9f00000)
  from space 5120K, 99% used [0x00000000d9f00000,0x00000000da3fc150,0x00000000da400000)
  to   space 5120K, 0% used [0x00000000da400000,0x00000000da400000,0x00000000da900000)
 ParOldGen       total 78336K, used 33258K [0x0000000081a00000, 0x0000000086680000, 0x00000000d5e00000)
  object space 78336K, 42% used [0x0000000081a00000,0x0000000083a7aa30,0x0000000086680000)
 Metaspace       used 24744K, capacity 25516K, committed 25648K, reserved 1071104K
  class space    used 2850K, capacity 3029K, committed 3120K, reserved 1048576K

Card table byte_map: [0x0000000012820000,0x0000000012c20000] byte_map_base: 0x0000000012413000

Marking Bits: (ParMarkBitMap*) 0x000000005cbb2d00
 Begin Bits: [0x00000000132d0000, 0x0000000015268000)
 End Bits:   [0x0000000015268000, 0x0000000017200000)

Polling page: 0x0000000000df0000

CodeCache: size=245760Kb used=16121Kb max_used=16121Kb free=229638Kb
 bounds [0x0000000003460000, 0x0000000004440000, 0x0000000012460000]
 total_blobs=4874 nmethods=4461 adapters=325
 compilation: enabled

Compilation events (10 events):
Event: 12.007 Thread 0x0000000019411000 5029       2       java.lang.Class::privateGetMethodRecursive (130 bytes)
Event: 12.008 Thread 0x0000000019411000 nmethod 5029 0x000000000442ca10 code [0x000000000442cbe0, 0x000000000442cfb8]
Event: 12.008 Thread 0x0000000019411000 5028       2       java.lang.Class::getMethod0 (40 bytes)
Event: 12.008 Thread 0x0000000019411000 nmethod 5028 0x000000000442d350 code [0x000000000442d4e0, 0x000000000442d758]
Event: 12.008 Thread 0x0000000019411000 5030       2       sun.reflect.ClassFileAssembler::opc_invokespecial (26 bytes)
Event: 12.008 Thread 0x0000000019411000 nmethod 5030 0x000000000442d890 code [0x000000000442da20, 0x000000000442dce8]
Event: 12.008 Thread 0x0000000019411000 5031   !   2       lombok.javac.JavacTreeMaker::invokeAny (155 bytes)
Event: 12.010 Thread 0x0000000019411000 nmethod 5031 0x000000000442df90 code [0x000000000442e260, 0x000000000442eec8]
Event: 12.010 Thread 0x0000000019411000 5032       2       lombok.core.FieldAugment$MapWeakFieldAugment::write (20 bytes)
Event: 12.010 Thread 0x0000000019411000 nmethod 5032 0x0000000004430050 code [0x00000000044301c0, 0x00000000044303e8]

GC Heap History (10 events):
Event: 6.679 GC heap before
{Heap before GC invocations=6 (full 0):
 PSYoungGen      total 71680K, used 71656K [0x00000000d5e00000, 0x00000000da900000, 0x0000000100000000)
  eden space 66560K, 100% used [0x00000000d5e00000,0x00000000d9f00000,0x00000000d9f00000)
  from space 5120K, 99% used [0x00000000d9f00000,0x00000000da3fa060,0x00000000da400000)
  to   space 5120K, 0% used [0x00000000da400000,0x00000000da400000,0x00000000da900000)
 ParOldGen       total 87552K, used 12781K [0x0000000081a00000, 0x0000000086f80000, 0x00000000d5e00000)
  object space 87552K, 14% used [0x0000000081a00000,0x000000008267b7d8,0x0000000086f80000)
 Metaspace       used 16637K, capacity 17070K, committed 17280K, reserved 1064960K
  class space    used 1947K, capacity 2054K, committed 2176K, reserved 1048576K
Event: 6.698 GC heap after
Heap after GC invocations=6 (full 0):
 PSYoungGen      total 71680K, used 5112K [0x00000000d5e00000, 0x00000000da900000, 0x0000000100000000)
  eden space 66560K, 0% used [0x00000000d5e00000,0x00000000d5e00000,0x00000000d9f00000)
  from space 5120K, 99% used [0x00000000da400000,0x00000000da8fe070,0x00000000da900000)
  to   space 5120K, 0% used [0x00000000d9f00000,0x00000000d9f00000,0x00000000da400000)
 ParOldGen       total 87552K, used 17411K [0x0000000081a00000, 0x0000000086f80000, 0x00000000d5e00000)
  object space 87552K, 19% used [0x0000000081a00000,0x0000000082b00f30,0x0000000086f80000)
 Metaspace       used 16637K, capacity 17070K, committed 17280K, reserved 1064960K
  class space    used 1947K, capacity 2054K, committed 2176K, reserved 1048576K
}
Event: 8.563 GC heap before
{Heap before GC invocations=7 (full 0):
 PSYoungGen      total 71680K, used 71672K [0x00000000d5e00000, 0x00000000da900000, 0x0000000100000000)
  eden space 66560K, 100% used [0x00000000d5e00000,0x00000000d9f00000,0x00000000d9f00000)
  from space 5120K, 99% used [0x00000000da400000,0x00000000da8fe070,0x00000000da900000)
  to   space 5120K, 0% used [0x00000000d9f00000,0x00000000d9f00000,0x00000000da400000)
 ParOldGen       total 87552K, used 17411K [0x0000000081a00000, 0x0000000086f80000, 0x00000000d5e00000)
  object space 87552K, 19% used [0x0000000081a00000,0x0000000082b00f30,0x0000000086f80000)
 Metaspace       used 18221K, capacity 18750K, committed 18944K, reserved 1067008K
  class space    used 2083K, capacity 2232K, committed 2304K, reserved 1048576K
Event: 8.583 GC heap after
Heap after GC invocations=7 (full 0):
 PSYoungGen      total 71680K, used 5120K [0x00000000d5e00000, 0x00000000da900000, 0x0000000100000000)
  eden space 66560K, 0% used [0x00000000d5e00000,0x00000000d5e00000,0x00000000d9f00000)
  from space 5120K, 100% used [0x00000000d9f00000,0x00000000da400000,0x00000000da400000)
  to   space 5120K, 0% used [0x00000000da400000,0x00000000da400000,0x00000000da900000)
 ParOldGen       total 87552K, used 21519K [0x0000000081a00000, 0x0000000086f80000, 0x00000000d5e00000)
  object space 87552K, 24% used [0x0000000081a00000,0x0000000082f03f98,0x0000000086f80000)
 Metaspace       used 18221K, capacity 18750K, committed 18944K, reserved 1067008K
  class space    used 2083K, capacity 2232K, committed 2304K, reserved 1048576K
}
Event: 8.863 GC heap before
{Heap before GC invocations=8 (full 0):
 PSYoungGen      total 71680K, used 18564K [0x00000000d5e00000, 0x00000000da900000, 0x0000000100000000)
  eden space 66560K, 20% used [0x00000000d5e00000,0x00000000d6b213c0,0x00000000d9f00000)
  from space 5120K, 100% used [0x00000000d9f00000,0x00000000da400000,0x00000000da400000)
  to   space 5120K, 0% used [0x00000000da400000,0x00000000da400000,0x00000000da900000)
 ParOldGen       total 87552K, used 21519K [0x0000000081a00000, 0x0000000086f80000, 0x00000000d5e00000)
  object space 87552K, 24% used [0x0000000081a00000,0x0000000082f03f98,0x0000000086f80000)
 Metaspace       used 20655K, capacity 21234K, committed 21296K, reserved 1069056K
  class space    used 2449K, capacity 2592K, committed 2608K, reserved 1048576K
Event: 8.876 GC heap after
Heap after GC invocations=8 (full 0):
 PSYoungGen      total 71680K, used 3475K [0x00000000d5e00000, 0x00000000da900000, 0x0000000100000000)
  eden space 66560K, 0% used [0x00000000d5e00000,0x00000000d5e00000,0x00000000d9f00000)
  from space 5120K, 67% used [0x00000000da400000,0x00000000da764ff8,0x00000000da900000)
  to   space 5120K, 0% used [0x00000000d9f00000,0x00000000d9f00000,0x00000000da400000)
 ParOldGen       total 87552K, used 24137K [0x0000000081a00000, 0x0000000086f80000, 0x00000000d5e00000)
  object space 87552K, 27% used [0x0000000081a00000,0x00000000831927d8,0x0000000086f80000)
 Metaspace       used 20655K, capacity 21234K, committed 21296K, reserved 1069056K
  class space    used 2449K, capacity 2592K, committed 2608K, reserved 1048576K
}
Event: 8.876 GC heap before
{Heap before GC invocations=9 (full 1):
 PSYoungGen      total 71680K, used 3475K [0x00000000d5e00000, 0x00000000da900000, 0x0000000100000000)
  eden space 66560K, 0% used [0x00000000d5e00000,0x00000000d5e00000,0x00000000d9f00000)
  from space 5120K, 67% used [0x00000000da400000,0x00000000da764ff8,0x00000000da900000)
  to   space 5120K, 0% used [0x00000000d9f00000,0x00000000d9f00000,0x00000000da400000)
 ParOldGen       total 87552K, used 24137K [0x0000000081a00000, 0x0000000086f80000, 0x00000000d5e00000)
  object space 87552K, 27% used [0x0000000081a00000,0x00000000831927d8,0x0000000086f80000)
 Metaspace       used 20655K, capacity 21234K, committed 21296K, reserved 1069056K
  class space    used 2449K, capacity 2592K, committed 2608K, reserved 1048576K
Event: 9.050 GC heap after
Heap after GC invocations=9 (full 1):
 PSYoungGen      total 71680K, used 0K [0x00000000d5e00000, 0x00000000da900000, 0x0000000100000000)
  eden space 66560K, 0% used [0x00000000d5e00000,0x00000000d5e00000,0x00000000d9f00000)
  from space 5120K, 0% used [0x00000000da400000,0x00000000da400000,0x00000000da900000)
  to   space 5120K, 0% used [0x00000000d9f00000,0x00000000d9f00000,0x00000000da400000)
 ParOldGen       total 78336K, used 22329K [0x0000000081a00000, 0x0000000086680000, 0x00000000d5e00000)
  object space 78336K, 28% used [0x0000000081a00000,0x0000000082fce520,0x0000000086680000)
 Metaspace       used 20655K, capacity 21234K, committed 21296K, reserved 1069056K
  class space    used 2449K, capacity 2592K, committed 2608K, reserved 1048576K
}
Event: 11.028 GC heap before
{Heap before GC invocations=10 (full 1):
 PSYoungGen      total 71680K, used 66560K [0x00000000d5e00000, 0x00000000da900000, 0x0000000100000000)
  eden space 66560K, 100% used [0x00000000d5e00000,0x00000000d9f00000,0x00000000d9f00000)
  from space 5120K, 0% used [0x00000000da400000,0x00000000da400000,0x00000000da900000)
  to   space 5120K, 0% used [0x00000000d9f00000,0x00000000d9f00000,0x00000000da400000)
 ParOldGen       total 78336K, used 22329K [0x0000000081a00000, 0x0000000086680000, 0x00000000d5e00000)
  object space 78336K, 28% used [0x0000000081a00000,0x0000000082fce520,0x0000000086680000)
 Metaspace       used 23711K, capacity 24406K, committed 24496K, reserved 1071104K
  class space    used 2734K, capacity 2924K, committed 2992K, reserved 1048576K
Event: 11.055 GC heap after
Heap after GC invocations=10 (full 1):
 PSYoungGen      total 71680K, used 5104K [0x00000000d5e00000, 0x00000000da900000, 0x0000000100000000)
  eden space 66560K, 0% used [0x00000000d5e00000,0x00000000d5e00000,0x00000000d9f00000)
  from space 5120K, 99% used [0x00000000d9f00000,0x00000000da3fc150,0x00000000da400000)
  to   space 5120K, 0% used [0x00000000da400000,0x00000000da400000,0x00000000da900000)
 ParOldGen       total 78336K, used 33258K [0x0000000081a00000, 0x0000000086680000, 0x00000000d5e00000)
  object space 78336K, 42% used [0x0000000081a00000,0x0000000083a7aa30,0x0000000086680000)
 Metaspace       used 23711K, capacity 24406K, committed 24496K, reserved 1071104K
  class space    used 2734K, capacity 2924K, committed 2992K, reserved 1048576K
}

Deoptimization events (10 events):
Event: 10.832 Thread 0x0000000003363000 Uncommon trap: reason=bimorphic action=maybe_recompile pc=0x0000000003934610 method=java.lang.ClassLoader.loadClass(Ljava/lang/String;Z)Ljava/lang/Class; @ 38
Event: 10.833 Thread 0x0000000003363000 Uncommon trap: reason=bimorphic action=maybe_recompile pc=0x0000000003934610 method=java.lang.ClassLoader.loadClass(Ljava/lang/String;Z)Ljava/lang/Class; @ 38
Event: 10.833 Thread 0x0000000003363000 Uncommon trap: reason=bimorphic action=maybe_recompile pc=0x0000000003934610 method=java.lang.ClassLoader.loadClass(Ljava/lang/String;Z)Ljava/lang/Class; @ 38
Event: 11.027 Thread 0x0000000003363000 Uncommon trap: reason=bimorphic action=maybe_recompile pc=0x0000000003c04940 method=java.util.regex.Pattern$5.isSatisfiedBy(I)Z @ 5
Event: 11.027 Thread 0x0000000003363000 Uncommon trap: reason=bimorphic action=maybe_recompile pc=0x0000000003c0492c method=java.util.regex.Pattern$5.isSatisfiedBy(I)Z @ 5
Event: 11.027 Thread 0x0000000003363000 Uncommon trap: reason=bimorphic action=maybe_recompile pc=0x0000000003c0492c method=java.util.regex.Pattern$5.isSatisfiedBy(I)Z @ 5
Event: 11.027 Thread 0x0000000003363000 Uncommon trap: reason=bimorphic action=maybe_recompile pc=0x0000000003c0492c method=java.util.regex.Pattern$5.isSatisfiedBy(I)Z @ 5
Event: 11.086 Thread 0x0000000003363000 Uncommon trap: reason=unstable_if action=reinterpret pc=0x0000000003b7fed8 method=java.util.HashMap.hash(Ljava/lang/Object;)I @ 1
Event: 11.094 Thread 0x0000000003363000 Uncommon trap: reason=unstable_if action=reinterpret pc=0x0000000003b58528 method=java.util.HashMap.hash(Ljava/lang/Object;)I @ 1
Event: 11.162 Thread 0x0000000003363000 Uncommon trap: reason=unstable_if action=reinterpret pc=0x0000000003b5950c method=java.lang.reflect.Field.get(Ljava/lang/Object;)Ljava/lang/Object; @ 4

Classes redefined (0 events):
No events

Internal exceptions (10 events):
Event: 3.563 Thread 0x0000000003363000 Implicit null exception at 0x0000000003667356 to 0x00000000036676ed
Event: 4.807 Thread 0x0000000003363000 Implicit null exception at 0x000000000387bb15 to 0x000000000387bce5
Event: 4.807 Thread 0x0000000003363000 Implicit null exception at 0x000000000382d36f to 0x000000000382d3d9
Event: 4.919 Thread 0x0000000003363000 Implicit null exception at 0x0000000003c03a37 to 0x0000000003c03c81
Event: 5.662 Thread 0x0000000003363000 Implicit null exception at 0x0000000003d5dda8 to 0x0000000003d5e8b5
Event: 8.726 Thread 0x0000000003363000 Exception <a 'java/lang/ClassNotFoundException': com/sun/tools/javac/api/JavacTool> (0x00000000d60c8800) thrown at [C:\re\workspace\8-2-build-windows-amd64-cygwin\jdk8u181\11358\hotspot\src\share\vm\classfile\systemDictionary.cpp, line 210]
Event: 9.851 Thread 0x0000000003363000 Exception <a 'java/io/FileNotFoundException'> (0x00000000d741e548) thrown at [C:\re\workspace\8-2-build-windows-amd64-cygwin\jdk8u181\11358\hotspot\src\share\vm\prims\jni.cpp, line 709]
Event: 9.866 Thread 0x0000000003363000 Exception <a 'java/io/FileNotFoundException'> (0x00000000d74538b8) thrown at [C:\re\workspace\8-2-build-windows-amd64-cygwin\jdk8u181\11358\hotspot\src\share\vm\prims\jni.cpp, line 709]
Event: 11.086 Thread 0x0000000003363000 Implicit null exception at 0x0000000003b7fab1 to 0x0000000003b7fec1
Event: 11.094 Thread 0x0000000003363000 Implicit null exception at 0x0000000003b58315 to 0x0000000003b58519

Events (10 events):
Event: 11.216 loading class java/util/IdentityHashMap$EntryIterator
Event: 11.216 loading class java/util/IdentityHashMap$EntryIterator done
Event: 11.216 loading class java/util/IdentityHashMap$EntryIterator$Entry
Event: 11.216 loading class java/util/IdentityHashMap$EntryIterator$Entry done
Event: 11.224 loading class com/sun/tools/javac/tree/JCTree$JCPolyExpression$PolyKind
Event: 11.224 loading class com/sun/tools/javac/tree/JCTree$JCPolyExpression$PolyKind done
Event: 11.298 loading class java/lang/Class$EnclosingMethodInfo
Event: 11.298 loading class java/lang/Class$EnclosingMethodInfo done
Event: 11.796 loading class java/util/regex/Pattern$SingleI
Event: 11.796 loading class java/util/regex/Pattern$SingleI done


Dynamic libraries:
0x00007ff7429e0000 - 0x00007ff742a17000 	C:\Program Files\Java\jdk1.8.0_181\bin\java.exe
0x00007ffc19b60000 - 0x00007ffc19d50000 	C:\WINDOWS\SYSTEM32\ntdll.dll
0x00007ffc198d0000 - 0x00007ffc19982000 	C:\WINDOWS\System32\KERNEL32.DLL
0x00007ffc179e0000 - 0x00007ffc17c83000 	C:\WINDOWS\System32\KERNELBASE.dll
0x00007ffc197b0000 - 0x00007ffc19853000 	C:\WINDOWS\System32\ADVAPI32.dll
0x00007ffc17c90000 - 0x00007ffc17d2e000 	C:\WINDOWS\System32\msvcrt.dll
0x00007ffc18950000 - 0x00007ffc189e7000 	C:\WINDOWS\System32\sechost.dll
0x00007ffc19990000 - 0x00007ffc19ab0000 	C:\WINDOWS\System32\RPCRT4.dll
0x00007ffc195a0000 - 0x00007ffc19734000 	C:\WINDOWS\System32\USER32.dll
0x00007ffc16c90000 - 0x00007ffc16cb1000 	C:\WINDOWS\System32\win32u.dll
0x00007ffc18400000 - 0x00007ffc18426000 	C:\WINDOWS\System32\GDI32.dll
0x00007ffc17740000 - 0x00007ffc178d4000 	C:\WINDOWS\System32\gdi32full.dll
0x00007ffc16f20000 - 0x00007ffc16fbe000 	C:\WINDOWS\System32\msvcp_win.dll
0x00007ffc16b90000 - 0x00007ffc16c8a000 	C:\WINDOWS\System32\ucrtbase.dll
0x00007ffc06080000 - 0x00007ffc06305000 	C:\WINDOWS\WinSxS\amd64_microsoft.windows.common-controls_6595b64144ccf1df_6.0.18362.476_none_e6c4b11b130f2595\COMCTL32.dll
0x00007ffc19260000 - 0x00007ffc19596000 	C:\WINDOWS\System32\combase.dll
0x00007ffc17960000 - 0x00007ffc179e0000 	C:\WINDOWS\System32\bcryptPrimitives.dll
0x00007ffc18430000 - 0x00007ffc1845e000 	C:\WINDOWS\System32\IMM32.DLL
0x000000005cc40000 - 0x000000005cd12000 	C:\Program Files\Java\jdk1.8.0_181\jre\bin\msvcr100.dll
0x000000005c390000 - 0x000000005cc32000 	C:\Program Files\Java\jdk1.8.0_181\jre\bin\server\jvm.dll
0x00007ffc183f0000 - 0x00007ffc183f8000 	C:\WINDOWS\System32\PSAPI.DLL
0x00007ffc0f540000 - 0x00007ffc0f54a000 	C:\WINDOWS\SYSTEM32\VERSION.dll
0x00007ffc13770000 - 0x00007ffc13794000 	C:\WINDOWS\SYSTEM32\WINMM.dll
0x00007ffc13740000 - 0x00007ffc1376d000 	C:\WINDOWS\SYSTEM32\WINMMBASE.dll
0x00007ffc17910000 - 0x00007ffc1795a000 	C:\WINDOWS\System32\cfgmgr32.dll
0x00007ffc01260000 - 0x00007ffc01269000 	C:\WINDOWS\SYSTEM32\WSOCK32.dll
0x0000000002d50000 - 0x0000000002dbf000 	C:\WINDOWS\System32\ws2_32.DLL
0x000000005cf60000 - 0x000000005cf6f000 	C:\Program Files\Java\jdk1.8.0_181\jre\bin\verify.dll
0x000000005c360000 - 0x000000005c389000 	C:\Program Files\Java\jdk1.8.0_181\jre\bin\java.dll
0x000000005c1c0000 - 0x000000005c1e3000 	C:\Program Files\Java\jdk1.8.0_181\jre\bin\instrument.dll
0x000000005cf40000 - 0x000000005cf56000 	C:\Program Files\Java\jdk1.8.0_181\jre\bin\zip.dll
0x00007ffc189f0000 - 0x00007ffc190d5000 	C:\WINDOWS\System32\SHELL32.dll
0x00007ffc181a0000 - 0x00007ffc18249000 	C:\WINDOWS\System32\shcore.dll
0x00007ffc16fc0000 - 0x00007ffc1773e000 	C:\WINDOWS\System32\windows.storage.dll
0x00007ffc16ac0000 - 0x00007ffc16adf000 	C:\WINDOWS\System32\profapi.dll
0x00007ffc16ae0000 - 0x00007ffc16b2a000 	C:\WINDOWS\System32\powrprof.dll
0x00007ffc16ab0000 - 0x00007ffc16ac0000 	C:\WINDOWS\System32\UMPDC.dll
0x00007ffc19740000 - 0x00007ffc19792000 	C:\WINDOWS\System32\shlwapi.dll
0x00007ffc16b50000 - 0x00007ffc16b61000 	C:\WINDOWS\System32\kernel.appcore.dll
0x00007ffc16b70000 - 0x00007ffc16b87000 	C:\WINDOWS\System32\cryptsp.dll
0x00007ffc102c0000 - 0x00007ffc102da000 	C:\Program Files\JetBrains\IntelliJ IDEA 2019.2.3\bin\breakgen64.dll
0x000000005c340000 - 0x000000005c35a000 	C:\Program Files\Java\jdk1.8.0_181\jre\bin\net.dll
0x00007ffc16320000 - 0x00007ffc16387000 	C:\WINDOWS\system32\mswsock.dll
0x00007ffc15e90000 - 0x00007ffc15ec3000 	C:\WINDOWS\system32\rsaenh.dll
0x00007ffc178e0000 - 0x00007ffc17906000 	C:\WINDOWS\System32\bcrypt.dll
0x00007ffc169d0000 - 0x00007ffc169f5000 	C:\WINDOWS\SYSTEM32\USERENV.dll
0x00007ffc164f0000 - 0x00007ffc164fc000 	C:\WINDOWS\SYSTEM32\CRYPTBASE.dll
0x00007ffc16030000 - 0x00007ffc1606a000 	C:\WINDOWS\SYSTEM32\IPHLPAPI.DLL
0x00007ffc19250000 - 0x00007ffc19258000 	C:\WINDOWS\System32\NSI.dll
0x00007ffc0a630000 - 0x00007ffc0a646000 	C:\WINDOWS\SYSTEM32\dhcpcsvc6.DLL
0x00007ffc0c5b0000 - 0x00007ffc0c5cc000 	C:\WINDOWS\SYSTEM32\dhcpcsvc.DLL
0x00007ffc16070000 - 0x00007ffc1613a000 	C:\WINDOWS\SYSTEM32\DNSAPI.dll
0x000000005c320000 - 0x000000005c331000 	C:\Program Files\Java\jdk1.8.0_181\jre\bin\nio.dll
0x00007ffc104e0000 - 0x00007ffc104ea000 	C:\Users\cxy\AppData\Local\Temp\jansi-1.17.1-5690489901879740402.dll
0x00007ffc104d0000 - 0x00007ffc104da000 	C:\Users\cxy\AppData\Local\Temp\jansi-1.17.1-6878526101064296996.dll

VM Arguments:
jvm_args: -Dmaven.multiModuleProjectDirectory=E:\vant_demo_success -Dmaven.home=C:\Program Files\JetBrains\IntelliJ IDEA 2019.2.3\plugins\maven\lib\maven3 -Dclassworlds.conf=C:\Program Files\JetBrains\IntelliJ IDEA 2019.2.3\plugins\maven\lib\maven3\bin\m2.conf -Dmaven.ext.class.path=C:\Program Files\JetBrains\IntelliJ IDEA 2019.2.3\plugins\maven\lib\maven-event-listener.jar -javaagent:C:\Program Files\JetBrains\IntelliJ IDEA 2019.2.3\lib\idea_rt.jar=57386:C:\Program Files\JetBrains\IntelliJ IDEA 2019.2.3\bin -Dfile.encoding=UTF-8 
java_command: org.codehaus.classworlds.Launcher -Didea.version2019.2.3 -s D:\Maven\apache-maven-3.6.0-bin\apache-maven-3.6.0\conf\settings.xml -Dmaven.repo.local=D:\Maven\maven-repo package
java_class_path (initial): C:\Program Files\JetBrains\IntelliJ IDEA 2019.2.3\plugins\maven\lib\maven3\boot\plexus-classworlds-2.6.0.jar;C:\Program Files\JetBrains\IntelliJ IDEA 2019.2.3\lib\idea_rt.jar
Launcher Type: SUN_STANDARD

Environment Variables:
JAVA_HOME=C:\Program Files\Java\jdk1.8.0_181
CLASSPATH=.;C:\Program Files\Java\jdk1.8.0_181\lib;C:\Program Files\Java\jdk1.8.0_181\lib\tools.jar
PATH=C:\Program Files (x86)\Common Files\Oracle\Java\javapath;C:\Windows\system32;C:\Windows;C:\Windows\System32\Wbem;C:\Windows\System32\WindowsPowerShell\v1.0\;C:\Program Files\Intel\WiFi\bin\;C:\Program Files\Common Files\Intel\WirelessCommon\;C:\Program Files (x86)\NVIDIA Corporation\PhysX\Common;C:\Program Files\NVIDIA Corporation\NVIDIA NvDLISR;C:\Program Files\nodejs\;C:\Program Files\Java\jdk1.8.0_181\bin;C:\Program Files\Java\jdk1.8.0_181\jre\bin;D:\MYSQL\mysql-5.5.62-winx64\bin;D:\Maven\apache-maven-3.6.0-bin\apache-maven-3.6.0\bin;C:\Program Files\Apache Software Foundation\Tomcat 9.0\bin;C:\WINDOWS\system32;C:\WINDOWS;C:\WINDOWS\System32\Wbem;C:\WINDOWS\System32\WindowsPowerShell\v1.0\;C:\WINDOWS\System32\OpenSSH\;;C:\Anaconda3;C:\Anaconda3\Scripts;C:\Anaconda3\Library\bin;C:\Program Files\Intel\WiFi\bin\;C:\Program Files\Common Files\Intel\WirelessCommon\;C:\Users\cxy\AppData\Local\Programs\Microsoft VS Code\bin;C:\Program Files\JetBrains\IntelliJ IDEA 2019.2.3\bin;;C:\Users\cxy\AppData\Roaming\npm;C:\Users\cxy\AppData\Local\Microsoft\WindowsApps;;C:\Program Files\JetBrains\PyCharm 2019.2.5\bin;
USERNAME=cxy
OS=Windows_NT
PROCESSOR_IDENTIFIER=Intel64 Family 6 Model 60 Stepping 3, GenuineIntel



---------------  S Y S T E M  ---------------

OS: Windows 10.0 , 64 bit Build 18362 (10.0.18362.329)

CPU:total 4 (initial active 4) (2 cores per cpu, 2 threads per core) family 6 model 60 stepping 3, cmov, cx8, fxsr, mmx, sse, sse2, sse3, ssse3, sse4.1, sse4.2, popcnt, avx, avx2, aes, clmul, erms, lzcnt, ht, tsc, tscinvbit, bmi1, bmi2

Memory: 4k page, physical 8278024k(825616k free), swap 14569480k(6020k free)

vm_info: Java HotSpot(TM) 64-Bit Server VM (25.181-b13) for windows-amd64 JRE (1.8.0_181-b13), built on Jul  7 2018 04:01:33 by "java_re" with MS VC++ 10.0 (VS2010)

time: Wed Mar 11 17:46:46 2020
elapsed time: 12 seconds (0d 0h 0m 12s)

