#
# There is insufficient memory for the Java Runtime Environment to continue.
# Native memory allocation (malloc) failed to allocate 1600336 bytes for Chunk::new
# Possible reasons:
#   The system is out of physical RAM or swap space
#   In 32 bit mode, the process size limit was hit
# Possible solutions:
#   Reduce memory load on the system
#   Increase physical memory or swap space
#   Check if swap backing store is full
#   Use 64 bit Java on a 64 bit OS
#   Decrease Java heap size (-Xmx/-Xms)
#   Decrease number of Java threads
#   Decrease Java thread stack sizes (-Xss)
#   Set larger code cache with -XX:ReservedCodeCacheSize=
# This output file may be truncated or incomplete.
#
#  Out of Memory Error (allocation.cpp:390), pid=27632, tid=0x00000000000068b8
#
# JRE version: Java(TM) SE Runtime Environment (8.0_181-b13) (build 1.8.0_181-b13)
# Java VM: Java HotSpot(TM) 64-Bit Server VM (25.181-b13 mixed mode windows-amd64 compressed oops)
# Failed to write core dump. Minidumps are not enabled by default on client versions of Windows
#

---------------  T H R E A D  ---------------

Current thread (0x0000000017b0b000):  JavaThread "C2 CompilerThread0" daemon [_thread_in_native, id=26808, stack(0x0000000019410000,0x0000000019510000)]

Stack: [0x0000000019410000,0x0000000019510000]
[error occurred during error reporting (printing stack bounds), id 0xc0000005]

Native frames: (J=compiled Java code, j=interpreted, Vv=VM code, C=native code)


Current CompileTask:
C2:   2649 2300   !   4       org.codehaus.plexus.interpolation.StringSearchInterpolator::interpolate (650 bytes)


---------------  P R O C E S S  ---------------

Java Threads: ( => current thread )
  0x0000000018e9d000 JavaThread "Service Thread" daemon [_thread_blocked, id=12424, stack(0x0000000019710000,0x0000000019810000)]
  0x0000000018e2a000 JavaThread "C1 CompilerThread2" daemon [_thread_blocked, id=24304, stack(0x0000000019610000,0x0000000019710000)]
  0x0000000017b0e000 JavaThread "C2 CompilerThread1" daemon [_thread_in_native, id=28396, stack(0x0000000019510000,0x0000000019610000)]
=>0x0000000017b0b000 JavaThread "C2 CompilerThread0" daemon [_thread_in_native, id=26808, stack(0x0000000019410000,0x0000000019510000)]
  0x0000000017ac0800 JavaThread "Attach Listener" daemon [_thread_blocked, id=23568, stack(0x0000000019310000,0x0000000019410000)]
  0x0000000018e18800 JavaThread "Signal Dispatcher" daemon [_thread_blocked, id=12132, stack(0x0000000019210000,0x0000000019310000)]
  0x0000000017a9a800 JavaThread "Finalizer" daemon [_thread_blocked, id=28020, stack(0x0000000018d10000,0x0000000018e10000)]
  0x0000000002ec2000 JavaThread "Reference Handler" daemon [_thread_blocked, id=13604, stack(0x0000000018c10000,0x0000000018d10000)]
  0x0000000002dd3000 JavaThread "main" [_thread_in_native, id=8336, stack(0x0000000001160000,0x0000000001260000)]

Other Threads:
  0x0000000017a79000 VMThread [stack: 0x0000000018b10000,0x0000000018c10000] [id=26244]
  0x0000000018eca800 WatcherThread [stack: 0x0000000019810000,0x0000000019910000] [id=8724]

VM state:not at safepoint (normal execution)

VM Mutex/Monitor currently owned by a thread: None

Heap:
 PSYoungGen      total 71680K, used 63502K [0x00000000d5e00000, 0x00000000dea00000, 0x0000000100000000)
  eden space 66560K, 87% used [0x00000000d5e00000,0x00000000d970ba38,0x00000000d9f00000)
  from space 5120K, 99% used [0x00000000d9f00000,0x00000000da3f8030,0x00000000da400000)
  to   space 5120K, 0% used [0x00000000de500000,0x00000000de500000,0x00000000dea00000)
 ParOldGen       total 87552K, used 10008K [0x0000000081a00000, 0x0000000086f80000, 0x00000000d5e00000)
  object space 87552K, 11% used [0x0000000081a00000,0x00000000823c6398,0x0000000086f80000)
 Metaspace       used 15687K, capacity 15984K, committed 16128K, reserved 1062912K
  class space    used 1867K, capacity 1954K, committed 2048K, reserved 1048576K

Card table byte_map: [0x0000000012330000,0x0000000012730000] byte_map_base: 0x0000000011f23000

Marking Bits: (ParMarkBitMap*) 0x000000005cbb2d00
 Begin Bits: [0x0000000012de0000, 0x0000000014d78000)
 End Bits:   [0x0000000014d78000, 0x0000000016d10000)

Polling page: 0x00000000009f0000

CodeCache: size=245760Kb used=8679Kb max_used=8679Kb free=237081Kb
 bounds [0x0000000002f70000, 0x0000000003800000, 0x0000000011f70000]
 total_blobs=2943 nmethods=2582 adapters=273
 compilation: enabled

Compilation events (10 events):
Event: 2.641 Thread 0x0000000018e2a000 nmethod 2600 0x00000000037eb650 code [0x00000000037eb900, 0x00000000037eccb8]
Event: 2.641 Thread 0x0000000018e2a000 2601       3       java.util.ArrayList$SubList::size (9 bytes)
Event: 2.641 Thread 0x0000000018e2a000 nmethod 2601 0x00000000037ed690 code [0x00000000037ed800, 0x00000000037edac8]
Event: 2.642 Thread 0x0000000018e2a000 2602  s    3       java.io.ExpiringCache::put (70 bytes)
Event: 2.642 Thread 0x0000000018e2a000 nmethod 2602 0x00000000037edc50 code [0x00000000037ede20, 0x00000000037ee588]
Event: 2.642 Thread 0x0000000018e2a000 2603       3       java.io.ExpiringCache$Entry::<init> (15 bytes)
Event: 2.643 Thread 0x0000000018e2a000 nmethod 2603 0x00000000037ee890 code [0x00000000037ee9e0, 0x00000000037eebb0]
Event: 2.643 Thread 0x0000000018e2a000 2604       3       java.io.ExpiringCache$1::removeEldestEntry (20 bytes)
Event: 2.643 Thread 0x0000000018e2a000 nmethod 2604 0x00000000037eec50 code [0x00000000037eedc0, 0x00000000037ef010]
Event: 2.643 Thread 0x0000000018e2a000 2605  s!   3       java.io.FileDescriptor::closeAll (215 bytes)

GC Heap History (6 events):
Event: 0.709 GC heap before
{Heap before GC invocations=1 (full 0):
 PSYoungGen      total 38400K, used 33280K [0x00000000d5e00000, 0x00000000d8880000, 0x0000000100000000)
  eden space 33280K, 100% used [0x00000000d5e00000,0x00000000d7e80000,0x00000000d7e80000)
  from space 5120K, 0% used [0x00000000d8380000,0x00000000d8380000,0x00000000d8880000)
  to   space 5120K, 0% used [0x00000000d7e80000,0x00000000d7e80000,0x00000000d8380000)
 ParOldGen       total 87552K, used 0K [0x0000000081a00000, 0x0000000086f80000, 0x00000000d5e00000)
  object space 87552K, 0% used [0x0000000081a00000,0x0000000081a00000,0x0000000086f80000)
 Metaspace       used 8110K, capacity 8328K, committed 8576K, reserved 1056768K
  class space    used 992K, capacity 1052K, committed 1152K, reserved 1048576K
Event: 0.717 GC heap after
Heap after GC invocations=1 (full 0):
 PSYoungGen      total 38400K, used 5092K [0x00000000d5e00000, 0x00000000da900000, 0x0000000100000000)
  eden space 33280K, 0% used [0x00000000d5e00000,0x00000000d5e00000,0x00000000d7e80000)
  from space 5120K, 99% used [0x00000000d7e80000,0x00000000d83792f8,0x00000000d8380000)
  to   space 5120K, 0% used [0x00000000da400000,0x00000000da400000,0x00000000da900000)
 ParOldGen       total 87552K, used 442K [0x0000000081a00000, 0x0000000086f80000, 0x00000000d5e00000)
  object space 87552K, 0% used [0x0000000081a00000,0x0000000081a6eb30,0x0000000086f80000)
 Metaspace       used 8110K, capacity 8328K, committed 8576K, reserved 1056768K
  class space    used 992K, capacity 1052K, committed 1152K, reserved 1048576K
}
Event: 1.155 GC heap before
{Heap before GC invocations=2 (full 0):
 PSYoungGen      total 38400K, used 38372K [0x00000000d5e00000, 0x00000000da900000, 0x0000000100000000)
  eden space 33280K, 100% used [0x00000000d5e00000,0x00000000d7e80000,0x00000000d7e80000)
  from space 5120K, 99% used [0x00000000d7e80000,0x00000000d83792f8,0x00000000d8380000)
  to   space 5120K, 0% used [0x00000000da400000,0x00000000da400000,0x00000000da900000)
 ParOldGen       total 87552K, used 442K [0x0000000081a00000, 0x0000000086f80000, 0x00000000d5e00000)
  object space 87552K, 0% used [0x0000000081a00000,0x0000000081a6eb30,0x0000000086f80000)
 Metaspace       used 11449K, capacity 11662K, committed 11776K, reserved 1058816K
  class space    used 1409K, capacity 1479K, committed 1536K, reserved 1048576K
Event: 1.161 GC heap after
Heap after GC invocations=2 (full 0):
 PSYoungGen      total 71680K, used 5102K [0x00000000d5e00000, 0x00000000da900000, 0x0000000100000000)
  eden space 66560K, 0% used [0x00000000d5e00000,0x00000000d5e00000,0x00000000d9f00000)
  from space 5120K, 99% used [0x00000000da400000,0x00000000da8fb838,0x00000000da900000)
  to   space 5120K, 0% used [0x00000000d9f00000,0x00000000d9f00000,0x00000000da400000)
 ParOldGen       total 87552K, used 2239K [0x0000000081a00000, 0x0000000086f80000, 0x00000000d5e00000)
  object space 87552K, 2% used [0x0000000081a00000,0x0000000081c2fcc8,0x0000000086f80000)
 Metaspace       used 11449K, capacity 11662K, committed 11776K, reserved 1058816K
  class space    used 1409K, capacity 1479K, committed 1536K, reserved 1048576K
}
Event: 2.103 GC heap before
{Heap before GC invocations=3 (full 0):
 PSYoungGen      total 71680K, used 71662K [0x00000000d5e00000, 0x00000000da900000, 0x0000000100000000)
  eden space 66560K, 100% used [0x00000000d5e00000,0x00000000d9f00000,0x00000000d9f00000)
  from space 5120K, 99% used [0x00000000da400000,0x00000000da8fb838,0x00000000da900000)
  to   space 5120K, 0% used [0x00000000d9f00000,0x00000000d9f00000,0x00000000da400000)
 ParOldGen       total 87552K, used 2239K [0x0000000081a00000, 0x0000000086f80000, 0x00000000d5e00000)
  object space 87552K, 2% used [0x0000000081a00000,0x0000000081c2fcc8,0x0000000086f80000)
 Metaspace       used 15360K, capacity 15610K, committed 15872K, reserved 1062912K
  class space    used 1845K, capacity 1945K, committed 2048K, reserved 1048576K
Event: 2.128 GC heap after
Heap after GC invocations=3 (full 0):
 PSYoungGen      total 71680K, used 5088K [0x00000000d5e00000, 0x00000000dea00000, 0x0000000100000000)
  eden space 66560K, 0% used [0x00000000d5e00000,0x00000000d5e00000,0x00000000d9f00000)
  from space 5120K, 99% used [0x00000000d9f00000,0x00000000da3f8030,0x00000000da400000)
  to   space 5120K, 0% used [0x00000000de500000,0x00000000de500000,0x00000000dea00000)
 ParOldGen       total 87552K, used 10008K [0x0000000081a00000, 0x0000000086f80000, 0x00000000d5e00000)
  object space 87552K, 11% used [0x0000000081a00000,0x00000000823c6398,0x0000000086f80000)
 Metaspace       used 15360K, capacity 15610K, committed 15872K, reserved 1062912K
  class space    used 1845K, capacity 1945K, committed 2048K, reserved 1048576K
}

Deoptimization events (10 events):
Event: 2.386 Thread 0x0000000002dd3000 Uncommon trap: reason=unstable_if action=reinterpret pc=0x00000000036d39a8 method=org.codehaus.plexus.util.xml.pull.MXParser.nextImpl()I @ 972
Event: 2.390 Thread 0x0000000002dd3000 Uncommon trap: reason=class_check action=maybe_recompile pc=0x00000000037131d4 method=org.apache.maven.model.interpolation.StringSearchModelInterpolator$InterpolateObjectAction$MapField.doInterpolate(Ljava/lang/Object;Lorg/apache/maven/model/interpolation
Event: 2.390 Thread 0x0000000002dd3000 Uncommon trap: reason=class_check action=maybe_recompile pc=0x00000000037131d4 method=org.apache.maven.model.interpolation.StringSearchModelInterpolator$InterpolateObjectAction$MapField.doInterpolate(Ljava/lang/Object;Lorg/apache/maven/model/interpolation
Event: 2.390 Thread 0x0000000002dd3000 Uncommon trap: reason=class_check action=maybe_recompile pc=0x00000000037131d4 method=org.apache.maven.model.interpolation.StringSearchModelInterpolator$InterpolateObjectAction$MapField.doInterpolate(Ljava/lang/Object;Lorg/apache/maven/model/interpolation
Event: 2.412 Thread 0x0000000002dd3000 Uncommon trap: reason=unstable_if action=reinterpret pc=0x00000000032f27d4 method=java.io.WinNTFileSystem.normalize(Ljava/lang/String;)Ljava/lang/String; @ 128
Event: 2.434 Thread 0x0000000002dd3000 Uncommon trap: reason=null_check action=make_not_entrant pc=0x00000000037747c4 method=org.apache.maven.model.validation.DefaultModelValidator.validateEffectiveDependency(Lorg/apache/maven/model/building/ModelProblemCollector;Lorg/apache/maven/model/Depend
Event: 2.454 Thread 0x0000000002dd3000 Uncommon trap: reason=class_check action=maybe_recompile pc=0x000000000373dc28 method=org.codehaus.plexus.interpolation.MapBasedValueSource.getValue(Ljava/lang/String;)Ljava/lang/Object; @ 16
Event: 2.454 Thread 0x0000000002dd3000 Uncommon trap: reason=class_check action=maybe_recompile pc=0x000000000373dc28 method=org.codehaus.plexus.interpolation.MapBasedValueSource.getValue(Ljava/lang/String;)Ljava/lang/Object; @ 16
Event: 2.454 Thread 0x0000000002dd3000 Uncommon trap: reason=class_check action=maybe_recompile pc=0x000000000373dc28 method=org.codehaus.plexus.interpolation.MapBasedValueSource.getValue(Ljava/lang/String;)Ljava/lang/Object; @ 16
Event: 2.456 Thread 0x0000000002dd3000 Uncommon trap: reason=class_check action=maybe_recompile pc=0x00000000037131d4 method=org.apache.maven.model.interpolation.StringSearchModelInterpolator$InterpolateObjectAction$MapField.doInterpolate(Ljava/lang/Object;Lorg/apache/maven/model/interpolation

Classes redefined (0 events):
No events

Internal exceptions (10 events):
Event: 1.486 Thread 0x0000000002dd3000 Exception <a 'java/lang/NullPointerException'> (0x00000000d6fe5dc0) thrown at [C:\re\workspace\8-2-build-windows-amd64-cygwin\jdk8u181\11358\hotspot\src\share\vm\interpreter\linkResolver.cpp, line 1185]
Event: 1.486 Thread 0x0000000002dd3000 Exception <a 'java/lang/NullPointerException'> (0x00000000d6fe5fd8) thrown at [C:\re\workspace\8-2-build-windows-amd64-cygwin\jdk8u181\11358\hotspot\src\share\vm\interpreter\linkResolver.cpp, line 1185]
Event: 1.486 Thread 0x0000000002dd3000 Exception <a 'java/lang/NullPointerException'> (0x00000000d6fe61f0) thrown at [C:\re\workspace\8-2-build-windows-amd64-cygwin\jdk8u181\11358\hotspot\src\share\vm\interpreter\linkResolver.cpp, line 1185]
Event: 1.526 Thread 0x0000000002dd3000 Implicit null exception at 0x00000000031c58d6 to 0x00000000031c5c71
Event: 1.526 Thread 0x0000000002dd3000 Implicit null exception at 0x00000000031598d6 to 0x0000000003159c6d
Event: 2.156 Thread 0x0000000002dd3000 Implicit null exception at 0x000000000369acb7 to 0x000000000369af01
Event: 2.180 Thread 0x0000000002dd3000 Implicit null exception at 0x000000000332d515 to 0x000000000332d6e5
Event: 2.180 Thread 0x0000000002dd3000 Implicit null exception at 0x000000000334f92f to 0x000000000334f999
Event: 2.284 Thread 0x0000000002dd3000 Implicit null exception at 0x000000000371470f to 0x0000000003714c5d
Event: 2.434 Thread 0x0000000002dd3000 Implicit null exception at 0x000000000377352c to 0x00000000037747a9

Events (10 events):
Event: 2.454 Thread 0x0000000002dd3000 DEOPT UNPACKING pc=0x0000000002fb583b sp=0x000000000125cdc0 mode 2
Event: 2.456 Thread 0x0000000002dd3000 Uncommon trap: trap_request=0xffffffde fr.pc=0x00000000037131d4
Event: 2.456 Thread 0x0000000002dd3000 DEOPT PACKING pc=0x00000000037131d4 sp=0x000000000125c2d0
Event: 2.456 Thread 0x0000000002dd3000 DEOPT UNPACKING pc=0x0000000002fb583b sp=0x000000000125c248 mode 2
Event: 2.548 Thread 0x0000000002dd3000 DEOPT PACKING pc=0x000000000354a3a2 sp=0x000000000125c5f0
Event: 2.548 Thread 0x0000000002dd3000 DEOPT UNPACKING pc=0x0000000002fb7890 sp=0x000000000125c388 mode 0
Event: 2.553 loading class java/util/Collections$UnmodifiableList$1
Event: 2.553 loading class java/util/Collections$UnmodifiableList$1 done
Event: 2.584 loading class org/eclipse/aether/util/graph/selector/ExclusionDependencySelector$ExclusionComparator
Event: 2.584 loading class org/eclipse/aether/util/graph/selector/ExclusionDependencySelector$ExclusionComparator done


Dynamic libraries:
0x00007ff7429e0000 - 0x00007ff742a17000 	C:\Program Files\Java\jdk1.8.0_181\bin\java.exe
0x00007ffc19b60000 - 0x00007ffc19d50000 	C:\WINDOWS\SYSTEM32\ntdll.dll
0x00007ffc198d0000 - 0x00007ffc19982000 	C:\WINDOWS\System32\KERNEL32.DLL
0x00007ffc179e0000 - 0x00007ffc17c83000 	C:\WINDOWS\System32\KERNELBASE.dll
0x00007ffc197b0000 - 0x00007ffc19853000 	C:\WINDOWS\System32\ADVAPI32.dll
0x00007ffc17c90000 - 0x00007ffc17d2e000 	C:\WINDOWS\System32\msvcrt.dll
0x00007ffc18950000 - 0x00007ffc189e7000 	C:\WINDOWS\System32\sechost.dll
0x00007ffc19990000 - 0x00007ffc19ab0000 	C:\WINDOWS\System32\RPCRT4.dll
0x00007ffc195a0000 - 0x00007ffc19734000 	C:\WINDOWS\System32\USER32.dll
0x00007ffc16c90000 - 0x00007ffc16cb1000 	C:\WINDOWS\System32\win32u.dll
0x00007ffc18400000 - 0x00007ffc18426000 	C:\WINDOWS\System32\GDI32.dll
0x00007ffc17740000 - 0x00007ffc178d4000 	C:\WINDOWS\System32\gdi32full.dll
0x00007ffc16f20000 - 0x00007ffc16fbe000 	C:\WINDOWS\System32\msvcp_win.dll
0x00007ffc16b90000 - 0x00007ffc16c8a000 	C:\WINDOWS\System32\ucrtbase.dll
0x00007ffc06080000 - 0x00007ffc06305000 	C:\WINDOWS\WinSxS\amd64_microsoft.windows.common-controls_6595b64144ccf1df_6.0.18362.476_none_e6c4b11b130f2595\COMCTL32.dll
0x00007ffc19260000 - 0x00007ffc19596000 	C:\WINDOWS\System32\combase.dll
0x00007ffc17960000 - 0x00007ffc179e0000 	C:\WINDOWS\System32\bcryptPrimitives.dll
0x00007ffc18430000 - 0x00007ffc1845e000 	C:\WINDOWS\System32\IMM32.DLL
0x000000005cc40000 - 0x000000005cd12000 	C:\Program Files\Java\jdk1.8.0_181\jre\bin\msvcr100.dll
0x000000005c390000 - 0x000000005cc32000 	C:\Program Files\Java\jdk1.8.0_181\jre\bin\server\jvm.dll
0x00007ffc183f0000 - 0x00007ffc183f8000 	C:\WINDOWS\System32\PSAPI.DLL
0x00007ffc01260000 - 0x00007ffc01269000 	C:\WINDOWS\SYSTEM32\WSOCK32.dll
0x00007ffc13770000 - 0x00007ffc13794000 	C:\WINDOWS\SYSTEM32\WINMM.dll
0x00007ffc0f540000 - 0x00007ffc0f54a000 	C:\WINDOWS\SYSTEM32\VERSION.dll
0x00007ffc19ab0000 - 0x00007ffc19b1f000 	C:\WINDOWS\System32\WS2_32.dll
0x00007ffc13740000 - 0x00007ffc1376d000 	C:\WINDOWS\SYSTEM32\WINMMBASE.dll
0x00007ffc17910000 - 0x00007ffc1795a000 	C:\WINDOWS\System32\cfgmgr32.dll
0x000000005cf60000 - 0x000000005cf6f000 	C:\Program Files\Java\jdk1.8.0_181\jre\bin\verify.dll
0x000000005c360000 - 0x000000005c389000 	C:\Program Files\Java\jdk1.8.0_181\jre\bin\java.dll
0x000000005cf40000 - 0x000000005cf56000 	C:\Program Files\Java\jdk1.8.0_181\jre\bin\zip.dll
0x00007ffc189f0000 - 0x00007ffc190d5000 	C:\WINDOWS\System32\SHELL32.dll
0x00007ffc181a0000 - 0x00007ffc18249000 	C:\WINDOWS\System32\shcore.dll
0x00007ffc16fc0000 - 0x00007ffc1773e000 	C:\WINDOWS\System32\windows.storage.dll
0x00007ffc16ac0000 - 0x00007ffc16adf000 	C:\WINDOWS\System32\profapi.dll
0x00007ffc16ae0000 - 0x00007ffc16b2a000 	C:\WINDOWS\System32\powrprof.dll
0x00007ffc16ab0000 - 0x00007ffc16ac0000 	C:\WINDOWS\System32\UMPDC.dll
0x00007ffc19740000 - 0x00007ffc19792000 	C:\WINDOWS\System32\shlwapi.dll
0x00007ffc16b50000 - 0x00007ffc16b61000 	C:\WINDOWS\System32\kernel.appcore.dll
0x00007ffc16b70000 - 0x00007ffc16b87000 	C:\WINDOWS\System32\cryptsp.dll
0x00007ffc104e0000 - 0x00007ffc104ea000 	D:\Maven\apache-maven-3.6.0-bin\apache-maven-3.6.0\lib\jansi-native\windows64\jansi.dll
0x000000005c340000 - 0x000000005c35a000 	C:\Program Files\Java\jdk1.8.0_181\jre\bin\net.dll
0x00007ffc16320000 - 0x00007ffc16387000 	C:\WINDOWS\system32\mswsock.dll
0x000000005c320000 - 0x000000005c331000 	C:\Program Files\Java\jdk1.8.0_181\jre\bin\nio.dll

VM Arguments:
jvm_args: -Dclassworlds.conf=D:\Maven\apache-maven-3.6.0-bin\apache-maven-3.6.0\bin\..\bin\m2.conf -Dmaven.home=D:\Maven\apache-maven-3.6.0-bin\apache-maven-3.6.0\bin\.. -Dlibrary.jansi.path=D:\Maven\apache-maven-3.6.0-bin\apache-maven-3.6.0\bin\..\lib\jansi-native -Dmaven.multiModuleProjectDirectory=E:\vant_demo_success 
java_command: org.codehaus.plexus.classworlds.launcher.Launcher package
java_class_path (initial): D:\Maven\apache-maven-3.6.0-bin\apache-maven-3.6.0\bin\..\boot\plexus-classworlds-2.5.2.jar
Launcher Type: SUN_STANDARD

Environment Variables:
JAVA_HOME=C:\Program Files\Java\jdk1.8.0_181
CLASSPATH=.;C:\Program Files\Java\jdk1.8.0_181\lib;C:\Program Files\Java\jdk1.8.0_181\lib\tools.jar
PATH=C:\Program Files (x86)\Common Files\Oracle\Java\javapath;C:\Windows\system32;C:\Windows;C:\Windows\System32\Wbem;C:\Windows\System32\WindowsPowerShell\v1.0\;C:\Program Files\Intel\WiFi\bin\;C:\Program Files\Common Files\Intel\WirelessCommon\;C:\Program Files (x86)\NVIDIA Corporation\PhysX\Common;C:\Program Files\NVIDIA Corporation\NVIDIA NvDLISR;C:\Program Files\nodejs\;C:\Program Files\Java\jdk1.8.0_181\bin;C:\Program Files\Java\jdk1.8.0_181\jre\bin;D:\MYSQL\mysql-5.5.62-winx64\bin;D:\Maven\apache-maven-3.6.0-bin\apache-maven-3.6.0\bin;C:\Program Files\Apache Software Foundation\Tomcat 9.0\bin;C:\WINDOWS\system32;C:\WINDOWS;C:\WINDOWS\System32\Wbem;C:\WINDOWS\System32\WindowsPowerShell\v1.0\;C:\WINDOWS\System32\OpenSSH\;;C:\Anaconda3;C:\Anaconda3\Scripts;C:\Anaconda3\Library\bin;C:\Program Files\Intel\WiFi\bin\;C:\Program Files\Common Files\Intel\WirelessCommon\;C:\Users\cxy\AppData\Local\Programs\Microsoft VS Code\bin;C:\Program Files\JetBrains\IntelliJ IDEA 2019.2.3\bin;;C:\Users\cxy\AppData\Roaming\npm;C:\Users\cxy\AppData\Local\Microsoft\WindowsApps;;C:\Program Files\JetBrains\PyCharm 2019.2.5\bin;
USERNAME=cxy
OS=Windows_NT
PROCESSOR_IDENTIFIER=Intel64 Family 6 Model 60 Stepping 3, GenuineIntel



---------------  S Y S T E M  ---------------

OS: Windows 10.0 , 64 bit Build 18362 (10.0.18362.329)

CPU:total 4 (initial active 4) (2 cores per cpu, 2 threads per core) family 6 model 60 stepping 3, cmov, cx8, fxsr, mmx, sse, sse2, sse3, ssse3, sse4.1, sse4.2, popcnt, avx, avx2, aes, clmul, erms, lzcnt, ht, tsc, tscinvbit, bmi1, bmi2

Memory: 4k page, physical 8278024k(810104k free), swap 14569480k(4404k free)

vm_info: Java HotSpot(TM) 64-Bit Server VM (25.181-b13) for windows-amd64 JRE (1.8.0_181-b13), built on Jul  7 2018 04:01:33 by "java_re" with MS VC++ 10.0 (VS2010)

time: Wed Mar 11 17:47:42 2020
elapsed time: 2 seconds (0d 0h 0m 2s)

